<?xml version="1.0" encoding="UTF-8"?>
<testsuite xmlns:xsi="http://www.w3.org/2001/XMLSchema-instance" xsi:noNamespaceSchemaLocation="https://maven.apache.org/surefire/maven-surefire-plugin/xsd/surefire-test-report-3.0.xsd" version="3.0" name="seng202group10.AppTest" time="0.052" tests="4" errors="0" skipped="0" failures="1">
  <properties>
[...]
</properties>
  <testcase name="testApp" classname="seng202group10.AppTest" time="0.025"/>
  <testcase name="BedeTestApp" classname="seng202group10.AppTest" time="0.003">
    <failure type="org.opentest4j.AssertionFailedError"><![CDATA[org.opentest4j.AssertionFailedError: expected: <true> but was: <false>
	at seng202group10.AppTest.BedeTestApp(AppTest.java:44)
]]></failure>
  </testcase>
  <testcase name="JonathanTestApp" classname="seng202group10.AppTest" time="0.001"/>
  <testcase name="GeorgeTestApp" classname="seng202group10.AppTest" time="0.001"/>
</testsuite>